1545993985688	mozrunner::runner	INFO	Running command: "/usr/bin/firefox" "-marionette" "-foreground" "-no-remote" "-profile" "/tmp/rust_mozprofile.QKQnENJlGla0"
1545993986274	addons.webextension.screenshots@mozilla.org	WARN	Loading extension 'screenshots@mozilla.org': Reading manifest: Invalid host permission: resource://pdf.js/
1545993986275	addons.webextension.screenshots@mozilla.org	WARN	Loading extension 'screenshots@mozilla.org': Reading manifest: Invalid host permission: about:reader*
1545993988383	Marionette	INFO	Listening on port 42467
1545993988470	Marionette	WARN	TLS certificate errors will be ignored for this session

(/usr/lib/firefox/firefox:2898): dconf-WARNING **: 16:16:35.415: Unable to open /var/lib/snapd/desktop/dconf/profile/user: Permission denied
[Parent 2700, Gecko_IOThread] WARNING: pipe error (122): Connection reset by peer: file /build/firefox-wWf_B4/firefox-64.0+build3/ipc/chromium/src/chrome/common/ipc_channel_posix.cc, line 363
1545994003924	Marionette	INFO	Stopped listening on port 42467
1546004821168	mozrunner::runner	INFO	Running command: "/usr/bin/firefox" "-marionette" "-foreground" "-no-remote" "-profile" "/tmp/rust_mozprofile.AJmRz6I3wgYe"
1546004822176	addons.webextension.screenshots@mozilla.org	WARN	Loading extension 'screenshots@mozilla.org': Reading manifest: Invalid host permission: resource://pdf.js/
1546004822177	addons.webextension.screenshots@mozilla.org	WARN	Loading extension 'screenshots@mozilla.org': Reading manifest: Invalid host permission: about:reader*
1546004824894	Marionette	INFO	Listening on port 45945
1546004824964	Marionette	WARN	TLS certificate errors will be ignored for this session
JavaScript error: https://static.xx.fbcdn.net/rsrc.php/v3/yY/r/PkCisZaY4s_.js, line 409: Error: The manifest specifies content that cannot be displayed on this browser/platform.
JavaScript error: https://static.xx.fbcdn.net/rsrc.php/v3/yY/r/PkCisZaY4s_.js, line 409: Error: The manifest specifies content that cannot be displayed on this browser/platform.
console.error: BroadcastService: 
  receivedBroadcastMessage: handler for
  remote-settings/monitor_changes
  threw error:
  Message: Error: Polling for changes failed: NetworkError when attempting to fetch resource..
  Stack:
    remoteSettingsFunction/remoteSettings.pollChanges@resource://services-settings/remote-settings.js:750:13

JavaScript error: https://static.xx.fbcdn.net/rsrc.php/v3/yY/r/PkCisZaY4s_.js, line 409: Error: The manifest specifies content that cannot be displayed on this browser/platform.
JavaScript error: https://static.xx.fbcdn.net/rsrc.php/v3/yY/r/PkCisZaY4s_.js, line 409: Error: The manifest specifies content that cannot be displayed on this browser/platform.
JavaScript error: https://static.xx.fbcdn.net/rsrc.php/v3/yY/r/PkCisZaY4s_.js, line 409: Error: The manifest specifies content that cannot be displayed on this browser/platform.
JavaScript error: https://static.xx.fbcdn.net/rsrc.php/v3/yY/r/PkCisZaY4s_.js, line 409: Error: The manifest specifies content that cannot be displayed on this browser/platform.
JavaScript error: https://static.xx.fbcdn.net/rsrc.php/v3/yY/r/PkCisZaY4s_.js, line 409: Error: The manifest specifies content that cannot be displayed on this browser/platform.

###!!! [Child][MessageChannel] Error: (msgtype=0x3000B8,name=PContent::Msg_ScriptError) Channel closing: too late to send/recv, messages will be lost


###!!! [Child][MessageChannel] Error: (msgtype=0x990006,name=PWebSocket::Msg_DeleteSelf) Channel closing: too late to send/recv, messages will be lost

1546004892876	Marionette	INFO	Stopped listening on port 45945
1546004907594	mozrunner::runner	INFO	Running command: "/usr/bin/firefox" "-marionette" "-foreground" "-no-remote" "-profile" "/tmp/rust_mozprofile.a2KTmOMo45yt"
1546004908144	addons.webextension.screenshots@mozilla.org	WARN	Loading extension 'screenshots@mozilla.org': Reading manifest: Invalid host permission: resource://pdf.js/
1546004908144	addons.webextension.screenshots@mozilla.org	WARN	Loading extension 'screenshots@mozilla.org': Reading manifest: Invalid host permission: about:reader*
1546004910135	Marionette	INFO	Listening on port 35505
1546004910200	Marionette	WARN	TLS certificate errors will be ignored for this session
1546004926843	Marionette	INFO	Stopped listening on port 35505

###!!! [Child][RunMessage] Error: Channel closing: too late to send/recv, messages will be lost


###!!! [Child][RunMessage] Error: Channel closing: too late to send/recv, messages will be lost


###!!! [Child][RunMessage] Error: Channel closing: too late to send/recv, messages will be lost

